{"/Users/selvamurugan/Desktop/WordPuzzle/src/assets/index.js": {"path":"/Users/selvamurugan/Desktop/WordPuzzle/src/assets/index.js","statementMap":{"0":{"start":{"line":2,"column":19},"end":{"line":2,"column":53}},"1":{"start":{"line":3,"column":15},"end":{"line":3,"column":45}},"2":{"start":{"line":4,"column":16},"end":{"line":4,"column":47}},"3":{"start":{"line":5,"column":13},"end":{"line":5,"column":41}},"4":{"start":{"line":6,"column":20},"end":{"line":6,"column":50}},"5":{"start":{"line":7,"column":22},"end":{"line":7,"column":54}},"6":{"start":{"line":8,"column":18},"end":{"line":8,"column":46}},"7":{"start":{"line":9,"column":19},"end":{"line":9,"column":48}},"8":{"start":{"line":10,"column":17},"end":{"line":10,"column":48}}},"fnMap":{},"branchMap":{},"s":{"0":6,"1":6,"2":6,"3":6,"4":6,"5":6,"6":6,"7":6,"8":6},"f":{},"b":{},"_coverageSchema":"1a1c01bbd47fc00a2c39e90264f33305004495a9","hash":"8be0c71365e981702bfb5d81f599ebd1c8f425cc"}
,"/Users/selvamurugan/Desktop/WordPuzzle/src/assets/images/background.jpg": {"path":"/Users/selvamurugan/Desktop/WordPuzzle/src/assets/images/background.jpg","statementMap":{"0":{"start":{"line":1,"column":0},"end":{"line":4,"column":6}}},"fnMap":{},"branchMap":{},"s":{"0":6},"f":{},"b":{},"_coverageSchema":"1a1c01bbd47fc00a2c39e90264f33305004495a9","hash":"a48dab4961ec6f8998e95f04fd6def834cc2894e"}
,"/Users/selvamurugan/Desktop/WordPuzzle/src/assets/images/gold.jpg": {"path":"/Users/selvamurugan/Desktop/WordPuzzle/src/assets/images/gold.jpg","statementMap":{"0":{"start":{"line":1,"column":0},"end":{"line":4,"column":6}}},"fnMap":{},"branchMap":{},"s":{"0":6},"f":{},"b":{},"_coverageSchema":"1a1c01bbd47fc00a2c39e90264f33305004495a9","hash":"5bc3bb0c78d897708a6b8b05fcebbee8130d054f"}
,"/Users/selvamurugan/Desktop/WordPuzzle/src/assets/images/logout.jpg": {"path":"/Users/selvamurugan/Desktop/WordPuzzle/src/assets/images/logout.jpg","statementMap":{"0":{"start":{"line":1,"column":0},"end":{"line":4,"column":6}}},"fnMap":{},"branchMap":{},"s":{"0":6},"f":{},"b":{},"_coverageSchema":"1a1c01bbd47fc00a2c39e90264f33305004495a9","hash":"f0d3e34f4dfa2dfaaa2300e66b863bcc5d1bd2c7"}
,"/Users/selvamurugan/Desktop/WordPuzzle/src/assets/images/profile.jpg": {"path":"/Users/selvamurugan/Desktop/WordPuzzle/src/assets/images/profile.jpg","statementMap":{"0":{"start":{"line":1,"column":0},"end":{"line":4,"column":6}}},"fnMap":{},"branchMap":{},"s":{"0":6},"f":{},"b":{},"_coverageSchema":"1a1c01bbd47fc00a2c39e90264f33305004495a9","hash":"53057c4409688eb7657f3acc30e5fc2b4ccda7ac"}
,"/Users/selvamurugan/Desktop/WordPuzzle/src/components/actionButton.js": {"path":"/Users/selvamurugan/Desktop/WordPuzzle/src/components/actionButton.js","statementMap":{"0":{"start":{"line":15,"column":21},"end":{"line":33,"column":1}},"1":{"start":{"line":17,"column":20},"end":{"line":20,"column":5}},"2":{"start":{"line":18,"column":8},"end":{"line":18,"column":31}},"3":{"start":{"line":19,"column":8},"end":{"line":19,"column":18}},"4":{"start":{"line":22,"column":4},"end":{"line":32,"column":6}},"5":{"start":{"line":35,"column":15},"end":{"line":44,"column":2}}},"fnMap":{"0":{"name":"(anonymous_0)","decl":{"start":{"line":15,"column":21},"end":{"line":15,"column":22}},"loc":{"start":{"line":15,"column":52},"end":{"line":33,"column":1}},"line":15},"1":{"name":"(anonymous_1)","decl":{"start":{"line":17,"column":20},"end":{"line":17,"column":21}},"loc":{"start":{"line":17,"column":26},"end":{"line":20,"column":5}},"line":17}},"branchMap":{},"s":{"0":5,"1":9,"2":0,"3":0,"4":9,"5":5},"f":{"0":9,"1":0},"b":{},"_coverageSchema":"1a1c01bbd47fc00a2c39e90264f33305004495a9","hash":"4a63448433ac2c9b89f7ed5f43a33a71792debf9"}
,"/Users/selvamurugan/Desktop/WordPuzzle/src/components/backgroundWallpaper.js": {"path":"/Users/selvamurugan/Desktop/WordPuzzle/src/components/backgroundWallpaper.js","statementMap":{"0":{"start":{"line":10,"column":26},"end":{"line":17,"column":1}},"1":{"start":{"line":11,"column":4},"end":{"line":16,"column":22}},"2":{"start":{"line":19,"column":15},"end":{"line":25,"column":2}}},"fnMap":{"0":{"name":"(anonymous_0)","decl":{"start":{"line":10,"column":26},"end":{"line":10,"column":27}},"loc":{"start":{"line":11,"column":4},"end":{"line":16,"column":22}},"line":11}},"branchMap":{},"s":{"0":6,"1":7,"2":6},"f":{"0":7},"b":{},"_coverageSchema":"1a1c01bbd47fc00a2c39e90264f33305004495a9","hash":"fd1b28fbaeb5dabf7399608aa10a1357e9648fb7"}
,"/Users/selvamurugan/Desktop/WordPuzzle/src/components/category.js": {"path":"/Users/selvamurugan/Desktop/WordPuzzle/src/components/category.js","statementMap":{"0":{"start":{"line":17,"column":17},"end":{"line":43,"column":1}},"1":{"start":{"line":19,"column":20},"end":{"line":22,"column":5}},"2":{"start":{"line":20,"column":8},"end":{"line":20,"column":33}},"3":{"start":{"line":21,"column":8},"end":{"line":21,"column":18}},"4":{"start":{"line":24,"column":4},"end":{"line":42,"column":6}},"5":{"start":{"line":45,"column":15},"end":{"line":53,"column":2}}},"fnMap":{"0":{"name":"(anonymous_0)","decl":{"start":{"line":17,"column":17},"end":{"line":17,"column":18}},"loc":{"start":{"line":17,"column":91},"end":{"line":43,"column":1}},"line":17},"1":{"name":"(anonymous_1)","decl":{"start":{"line":19,"column":20},"end":{"line":19,"column":21}},"loc":{"start":{"line":19,"column":26},"end":{"line":22,"column":5}},"line":19}},"branchMap":{"0":{"loc":{"start":{"line":29,"column":86},"end":{"line":29,"column":146}},"type":"cond-expr","locations":[{"start":{"line":29,"column":107},"end":{"line":29,"column":120}},{"start":{"line":29,"column":123},"end":{"line":29,"column":146}}],"line":29}},"s":{"0":2,"1":4,"2":0,"3":0,"4":4,"5":2},"f":{"0":4,"1":0},"b":{"0":[0,4]},"_coverageSchema":"1a1c01bbd47fc00a2c39e90264f33305004495a9","hash":"39a60bcbdc03ac8a71f9a0f334911fe2302da0b2"}
,"/Users/selvamurugan/Desktop/WordPuzzle/src/components/header.js": {"path":"/Users/selvamurugan/Desktop/WordPuzzle/src/components/header.js","statementMap":{"0":{"start":{"line":12,"column":15},"end":{"line":28,"column":1}},"1":{"start":{"line":13,"column":4},"end":{"line":27,"column":20}}},"fnMap":{"0":{"name":"(anonymous_0)","decl":{"start":{"line":12,"column":15},"end":{"line":12,"column":16}},"loc":{"start":{"line":13,"column":4},"end":{"line":27,"column":20}},"line":13}},"branchMap":{},"s":{"0":2,"1":3},"f":{"0":3},"b":{},"_coverageSchema":"1a1c01bbd47fc00a2c39e90264f33305004495a9","hash":"1ad6576abca89948b53a4ef6e9ecf9ca90e8ccbd"}
,"/Users/selvamurugan/Desktop/WordPuzzle/src/components/puzzleBox.js": {"path":"/Users/selvamurugan/Desktop/WordPuzzle/src/components/puzzleBox.js","statementMap":{"0":{"start":{"line":14,"column":18},"end":{"line":31,"column":1}},"1":{"start":{"line":16,"column":20},"end":{"line":19,"column":5}},"2":{"start":{"line":17,"column":8},"end":{"line":17,"column":29}},"3":{"start":{"line":18,"column":8},"end":{"line":18,"column":18}},"4":{"start":{"line":20,"column":4},"end":{"line":30,"column":6}},"5":{"start":{"line":33,"column":15},"end":{"line":39,"column":2}}},"fnMap":{"0":{"name":"(anonymous_0)","decl":{"start":{"line":14,"column":18},"end":{"line":14,"column":19}},"loc":{"start":{"line":14,"column":41},"end":{"line":31,"column":1}},"line":14},"1":{"name":"(anonymous_1)","decl":{"start":{"line":16,"column":20},"end":{"line":16,"column":21}},"loc":{"start":{"line":16,"column":26},"end":{"line":19,"column":5}},"line":16}},"branchMap":{"0":{"loc":{"start":{"line":23,"column":27},"end":{"line":23,"column":66}},"type":"cond-expr","locations":[{"start":{"line":23,"column":37},"end":{"line":23,"column":49}},{"start":{"line":23,"column":52},"end":{"line":23,"column":66}}],"line":23}},"s":{"0":2,"1":1,"2":0,"3":0,"4":1,"5":2},"f":{"0":1,"1":0},"b":{"0":[0,1]},"_coverageSchema":"1a1c01bbd47fc00a2c39e90264f33305004495a9","hash":"b7b804ec2af142158842a8a19ee323ceb06c703d"}
,"/Users/selvamurugan/Desktop/WordPuzzle/src/components/success.js": {"path":"/Users/selvamurugan/Desktop/WordPuzzle/src/components/success.js","statementMap":{"0":{"start":{"line":13,"column":16},"end":{"line":23,"column":1}},"1":{"start":{"line":14,"column":4},"end":{"line":22,"column":20}},"2":{"start":{"line":25,"column":15},"end":{"line":32,"column":2}}},"fnMap":{"0":{"name":"(anonymous_0)","decl":{"start":{"line":13,"column":16},"end":{"line":13,"column":17}},"loc":{"start":{"line":14,"column":4},"end":{"line":22,"column":20}},"line":14}},"branchMap":{},"s":{"0":2,"1":1,"2":2},"f":{"0":1},"b":{},"_coverageSchema":"1a1c01bbd47fc00a2c39e90264f33305004495a9","hash":"c2f12772bc185a16c78379d0fae8c4da7c76132e"}
,"/Users/selvamurugan/Desktop/WordPuzzle/src/redux/action/loginActions.js": {"path":"/Users/selvamurugan/Desktop/WordPuzzle/src/redux/action/loginActions.js","statementMap":{"0":{"start":{"line":10,"column":31},"end":{"line":38,"column":1}},"1":{"start":{"line":13,"column":4},"end":{"line":36,"column":5}},"2":{"start":{"line":15,"column":17},"end":{"line":20,"column":7}},"3":{"start":{"line":22,"column":23},"end":{"line":22,"column":63}},"4":{"start":{"line":24,"column":24},"end":{"line":24,"column":72}},"5":{"start":{"line":24,"column":51},"end":{"line":24,"column":71}},"6":{"start":{"line":25,"column":6},"end":{"line":33,"column":7}},"7":{"start":{"line":27,"column":28},"end":{"line":27,"column":47}},"8":{"start":{"line":28,"column":8},"end":{"line":28,"column":74}},"9":{"start":{"line":31,"column":8},"end":{"line":31,"column":35}},"10":{"start":{"line":32,"column":8},"end":{"line":32,"column":61}},"11":{"start":{"line":35,"column":6},"end":{"line":35,"column":41}},"12":{"start":{"line":46,"column":37},"end":{"line":73,"column":1}},"13":{"start":{"line":49,"column":4},"end":{"line":71,"column":5}},"14":{"start":{"line":50,"column":44},"end":{"line":50,"column":51}},"15":{"start":{"line":51,"column":23},"end":{"line":51,"column":63}},"16":{"start":{"line":52,"column":26},"end":{"line":52,"column":39}},"17":{"start":{"line":53,"column":26},"end":{"line":53,"column":69}},"18":{"start":{"line":54,"column":24},"end":{"line":54,"column":84}},"19":{"start":{"line":54,"column":51},"end":{"line":54,"column":83}},"20":{"start":{"line":55,"column":22},"end":{"line":55,"column":46}},"21":{"start":{"line":56,"column":23},"end":{"line":59,"column":7}},"22":{"start":{"line":60,"column":23},"end":{"line":63,"column":7}},"23":{"start":{"line":64,"column":6},"end":{"line":64,"column":31}},"24":{"start":{"line":65,"column":6},"end":{"line":65,"column":32}},"25":{"start":{"line":66,"column":6},"end":{"line":66,"column":90}},"26":{"start":{"line":66,"column":76},"end":{"line":66,"column":87}},"27":{"start":{"line":67,"column":6},"end":{"line":67,"column":39}},"28":{"start":{"line":68,"column":6},"end":{"line":68,"column":81}},"29":{"start":{"line":70,"column":6},"end":{"line":70,"column":41}}},"fnMap":{"0":{"name":"(anonymous_0)","decl":{"start":{"line":12,"column":2},"end":{"line":12,"column":3}},"loc":{"start":{"line":12,"column":29},"end":{"line":37,"column":3}},"line":12},"1":{"name":"(anonymous_1)","decl":{"start":{"line":24,"column":43},"end":{"line":24,"column":44}},"loc":{"start":{"line":24,"column":51},"end":{"line":24,"column":71}},"line":24},"2":{"name":"(anonymous_2)","decl":{"start":{"line":48,"column":2},"end":{"line":48,"column":3}},"loc":{"start":{"line":48,"column":31},"end":{"line":72,"column":3}},"line":48},"3":{"name":"(anonymous_3)","decl":{"start":{"line":54,"column":43},"end":{"line":54,"column":44}},"loc":{"start":{"line":54,"column":51},"end":{"line":54,"column":83}},"line":54},"4":{"name":"(anonymous_4)","decl":{"start":{"line":66,"column":59},"end":{"line":66,"column":60}},"loc":{"start":{"line":66,"column":76},"end":{"line":66,"column":87}},"line":66}},"branchMap":{"0":{"loc":{"start":{"line":25,"column":6},"end":{"line":33,"column":7}},"type":"if","locations":[{"start":{"line":25,"column":6},"end":{"line":33,"column":7}},{"start":{"line":29,"column":13},"end":{"line":33,"column":7}}],"line":25}},"s":{"0":4,"1":0,"2":0,"3":0,"4":0,"5":0,"6":0,"7":0,"8":0,"9":0,"10":0,"11":0,"12":4,"13":0,"14":0,"15":0,"16":0,"17":0,"18":0,"19":0,"20":0,"21":0,"22":0,"23":0,"24":0,"25":0,"26":0,"27":0,"28":0,"29":0},"f":{"0":0,"1":0,"2":0,"3":0,"4":0},"b":{"0":[0,0]},"_coverageSchema":"1a1c01bbd47fc00a2c39e90264f33305004495a9","hash":"b9b1a8cde51b4081f785d7adb11cc2a6ff55c55d"}
,"/Users/selvamurugan/Desktop/WordPuzzle/src/redux/action/puzzleActions.js": {"path":"/Users/selvamurugan/Desktop/WordPuzzle/src/redux/action/puzzleActions.js","statementMap":{"0":{"start":{"line":7,"column":40},"end":{"line":26,"column":1}},"1":{"start":{"line":10,"column":8},"end":{"line":24,"column":9}},"2":{"start":{"line":12,"column":27},"end":{"line":15,"column":14}},"3":{"start":{"line":17,"column":12},"end":{"line":21,"column":13}},"4":{"start":{"line":18,"column":16},"end":{"line":18,"column":55}},"5":{"start":{"line":19,"column":19},"end":{"line":21,"column":13}},"6":{"start":{"line":20,"column":16},"end":{"line":20,"column":56}},"7":{"start":{"line":23,"column":12},"end":{"line":23,"column":47}}},"fnMap":{"0":{"name":"(anonymous_0)","decl":{"start":{"line":9,"column":4},"end":{"line":9,"column":5}},"loc":{"start":{"line":9,"column":33},"end":{"line":25,"column":5}},"line":9}},"branchMap":{"0":{"loc":{"start":{"line":17,"column":12},"end":{"line":21,"column":13}},"type":"if","locations":[{"start":{"line":17,"column":12},"end":{"line":21,"column":13}},{"start":{"line":19,"column":19},"end":{"line":21,"column":13}}],"line":17},"1":{"loc":{"start":{"line":19,"column":19},"end":{"line":21,"column":13}},"type":"if","locations":[{"start":{"line":19,"column":19},"end":{"line":21,"column":13}},{"start":{},"end":{}}],"line":19}},"s":{"0":1,"1":0,"2":0,"3":0,"4":0,"5":0,"6":0,"7":0},"f":{"0":0},"b":{"0":[0,0],"1":[0,0]},"_coverageSchema":"1a1c01bbd47fc00a2c39e90264f33305004495a9","hash":"47d626f6d341de1e4d3d291d3299b302b8b6f979"}
,"/Users/selvamurugan/Desktop/WordPuzzle/src/redux/slice/loginSlice.js": {"path":"/Users/selvamurugan/Desktop/WordPuzzle/src/redux/slice/loginSlice.js","statementMap":{"0":{"start":{"line":5,"column":21},"end":{"line":9,"column":1}},"1":{"start":{"line":12,"column":30},"end":{"line":24,"column":1}},"2":{"start":{"line":13,"column":4},"end":{"line":15,"column":7}},"3":{"start":{"line":14,"column":8},"end":{"line":14,"column":31}},"4":{"start":{"line":16,"column":4},"end":{"line":20,"column":7}},"5":{"start":{"line":17,"column":8},"end":{"line":17,"column":32}},"6":{"start":{"line":18,"column":8},"end":{"line":18,"column":49}},"7":{"start":{"line":19,"column":8},"end":{"line":19,"column":48}},"8":{"start":{"line":21,"column":4},"end":{"line":23,"column":7}},"9":{"start":{"line":22,"column":8},"end":{"line":22,"column":32}},"10":{"start":{"line":26,"column":19},"end":{"line":42,"column":2}},"11":{"start":{"line":32,"column":12},"end":{"line":32,"column":36}},"12":{"start":{"line":36,"column":8},"end":{"line":36,"column":56}},"13":{"start":{"line":37,"column":8},"end":{"line":40,"column":13}},"14":{"start":{"line":38,"column":12},"end":{"line":38,"column":52}},"15":{"start":{"line":39,"column":12},"end":{"line":39,"column":53}},"16":{"start":{"line":46,"column":36},"end":{"line":46,"column":54}},"17":{"start":{"line":48,"column":39},"end":{"line":48,"column":76}},"18":{"start":{"line":48,"column":48},"end":{"line":48,"column":76}},"19":{"start":{"line":50,"column":35},"end":{"line":50,"column":71}},"20":{"start":{"line":50,"column":44},"end":{"line":50,"column":71}},"21":{"start":{"line":52,"column":38},"end":{"line":52,"column":77}},"22":{"start":{"line":52,"column":47},"end":{"line":52,"column":77}}},"fnMap":{"0":{"name":"(anonymous_0)","decl":{"start":{"line":12,"column":30},"end":{"line":12,"column":31}},"loc":{"start":{"line":12,"column":54},"end":{"line":24,"column":1}},"line":12},"1":{"name":"(anonymous_1)","decl":{"start":{"line":13,"column":39},"end":{"line":13,"column":40}},"loc":{"start":{"line":13,"column":48},"end":{"line":15,"column":5}},"line":13},"2":{"name":"(anonymous_2)","decl":{"start":{"line":16,"column":41},"end":{"line":16,"column":42}},"loc":{"start":{"line":16,"column":60},"end":{"line":20,"column":5}},"line":16},"3":{"name":"(anonymous_3)","decl":{"start":{"line":21,"column":40},"end":{"line":21,"column":41}},"loc":{"start":{"line":21,"column":59},"end":{"line":23,"column":5}},"line":21},"4":{"name":"(anonymous_4)","decl":{"start":{"line":31,"column":26},"end":{"line":31,"column":27}},"loc":{"start":{"line":31,"column":35},"end":{"line":33,"column":9}},"line":31},"5":{"name":"(anonymous_5)","decl":{"start":{"line":35,"column":19},"end":{"line":35,"column":20}},"loc":{"start":{"line":35,"column":30},"end":{"line":41,"column":5}},"line":35},"6":{"name":"(anonymous_6)","decl":{"start":{"line":37,"column":57},"end":{"line":37,"column":58}},"loc":{"start":{"line":37,"column":76},"end":{"line":40,"column":11}},"line":37},"7":{"name":"(anonymous_7)","decl":{"start":{"line":48,"column":39},"end":{"line":48,"column":40}},"loc":{"start":{"line":48,"column":48},"end":{"line":48,"column":76}},"line":48},"8":{"name":"(anonymous_8)","decl":{"start":{"line":50,"column":35},"end":{"line":50,"column":36}},"loc":{"start":{"line":50,"column":44},"end":{"line":50,"column":71}},"line":50},"9":{"name":"(anonymous_9)","decl":{"start":{"line":52,"column":38},"end":{"line":52,"column":39}},"loc":{"start":{"line":52,"column":47},"end":{"line":52,"column":77}},"line":52}},"branchMap":{},"s":{"0":4,"1":4,"2":0,"3":0,"4":0,"5":0,"6":0,"7":0,"8":0,"9":0,"10":4,"11":0,"12":0,"13":0,"14":0,"15":0,"16":4,"17":4,"18":0,"19":4,"20":1,"21":4,"22":2},"f":{"0":0,"1":0,"2":0,"3":0,"4":0,"5":0,"6":0,"7":0,"8":1,"9":2},"b":{},"_coverageSchema":"1a1c01bbd47fc00a2c39e90264f33305004495a9","hash":"41691a0c912795b66855371a93f06236738d8e03"}
,"/Users/selvamurugan/Desktop/WordPuzzle/src/router/navigation.js": {"path":"/Users/selvamurugan/Desktop/WordPuzzle/src/router/navigation.js","statementMap":{"0":{"start":{"line":4,"column":29},"end":{"line":4,"column":59}},"1":{"start":{"line":12,"column":2},"end":{"line":14,"column":3}},"2":{"start":{"line":13,"column":4},"end":{"line":13,"column":41}},"3":{"start":{"line":23,"column":2},"end":{"line":25,"column":4}},"4":{"start":{"line":26,"column":2},"end":{"line":28,"column":3}},"5":{"start":{"line":27,"column":4},"end":{"line":27,"column":63}},"6":{"start":{"line":36,"column":2},"end":{"line":39,"column":3}},"7":{"start":{"line":37,"column":16},"end":{"line":37,"column":39}},"8":{"start":{"line":38,"column":4},"end":{"line":38,"column":32}},"9":{"start":{"line":46,"column":2},"end":{"line":48,"column":3}},"10":{"start":{"line":47,"column":4},"end":{"line":47,"column":52}}},"fnMap":{"0":{"name":"navigate","decl":{"start":{"line":11,"column":16},"end":{"line":11,"column":24}},"loc":{"start":{"line":11,"column":39},"end":{"line":15,"column":1}},"line":11},"1":{"name":"replace","decl":{"start":{"line":22,"column":16},"end":{"line":22,"column":23}},"loc":{"start":{"line":22,"column":43},"end":{"line":29,"column":1}},"line":22},"2":{"name":"pop","decl":{"start":{"line":35,"column":16},"end":{"line":35,"column":19}},"loc":{"start":{"line":35,"column":31},"end":{"line":40,"column":1}},"line":35},"3":{"name":"popToTop","decl":{"start":{"line":45,"column":16},"end":{"line":45,"column":24}},"loc":{"start":{"line":45,"column":27},"end":{"line":49,"column":1}},"line":45}},"branchMap":{"0":{"loc":{"start":{"line":12,"column":2},"end":{"line":14,"column":3}},"type":"if","locations":[{"start":{"line":12,"column":2},"end":{"line":14,"column":3}},{"start":{},"end":{}}],"line":12},"1":{"loc":{"start":{"line":22,"column":30},"end":{"line":22,"column":41}},"type":"default-arg","locations":[{"start":{"line":22,"column":39},"end":{"line":22,"column":41}}],"line":22},"2":{"loc":{"start":{"line":26,"column":2},"end":{"line":28,"column":3}},"type":"if","locations":[{"start":{"line":26,"column":2},"end":{"line":28,"column":3}},{"start":{},"end":{}}],"line":26},"3":{"loc":{"start":{"line":35,"column":20},"end":{"line":35,"column":29}},"type":"default-arg","locations":[{"start":{"line":35,"column":28},"end":{"line":35,"column":29}}],"line":35},"4":{"loc":{"start":{"line":36,"column":2},"end":{"line":39,"column":3}},"type":"if","locations":[{"start":{"line":36,"column":2},"end":{"line":39,"column":3}},{"start":{},"end":{}}],"line":36},"5":{"loc":{"start":{"line":46,"column":2},"end":{"line":48,"column":3}},"type":"if","locations":[{"start":{"line":46,"column":2},"end":{"line":48,"column":3}},{"start":{},"end":{}}],"line":46}},"s":{"0":5,"1":0,"2":0,"3":0,"4":0,"5":0,"6":0,"7":0,"8":0,"9":0,"10":0},"f":{"0":0,"1":0,"2":0,"3":0},"b":{"0":[0,0],"1":[0],"2":[0,0],"3":[0],"4":[0,0],"5":[0,0]},"_coverageSchema":"1a1c01bbd47fc00a2c39e90264f33305004495a9","hash":"f2fb6517f2563dbc4b13c7d5dc80e07ec731a87d"}
,"/Users/selvamurugan/Desktop/WordPuzzle/src/screens/HomeScreen.js": {"path":"/Users/selvamurugan/Desktop/WordPuzzle/src/screens/HomeScreen.js","statementMap":{"0":{"start":{"line":24,"column":19},"end":{"line":105,"column":1}},"1":{"start":{"line":25,"column":36},"end":{"line":25,"column":55}},"2":{"start":{"line":26,"column":24},"end":{"line":26,"column":59}},"3":{"start":{"line":28,"column":19},"end":{"line":30,"column":5}},"4":{"start":{"line":29,"column":8},"end":{"line":29,"column":32}},"5":{"start":{"line":32,"column":34},"end":{"line":34,"column":5}},"6":{"start":{"line":33,"column":8},"end":{"line":33,"column":38}},"7":{"start":{"line":36,"column":29},"end":{"line":47,"column":18}},"8":{"start":{"line":37,"column":8},"end":{"line":40,"column":9}},"9":{"start":{"line":38,"column":12},"end":{"line":38,"column":58}},"10":{"start":{"line":39,"column":12},"end":{"line":39,"column":19}},"11":{"start":{"line":41,"column":22},"end":{"line":41,"column":65}},"12":{"start":{"line":42,"column":8},"end":{"line":45,"column":9}},"13":{"start":{"line":43,"column":12},"end":{"line":43,"column":68}},"14":{"start":{"line":44,"column":12},"end":{"line":44,"column":19}},"15":{"start":{"line":46,"column":8},"end":{"line":46,"column":47}},"16":{"start":{"line":49,"column":27},"end":{"line":51,"column":5}},"17":{"start":{"line":50,"column":8},"end":{"line":50,"column":28}},"18":{"start":{"line":53,"column":27},"end":{"line":68,"column":5}},"19":{"start":{"line":54,"column":35},"end":{"line":54,"column":77}},"20":{"start":{"line":55,"column":22},"end":{"line":55,"column":63}},"21":{"start":{"line":56,"column":23},"end":{"line":56,"column":65}},"22":{"start":{"line":57,"column":8},"end":{"line":67,"column":9}},"23":{"start":{"line":60,"column":31},"end":{"line":60,"column":53}},"24":{"start":{"line":70,"column":4},"end":{"line":104,"column":6}},"25":{"start":{"line":90,"column":44},"end":{"line":90,"column":66}},"26":{"start":{"line":107,"column":15},"end":{"line":126,"column":2}}},"fnMap":{"0":{"name":"(anonymous_0)","decl":{"start":{"line":24,"column":19},"end":{"line":24,"column":20}},"loc":{"start":{"line":24,"column":25},"end":{"line":105,"column":1}},"line":24},"1":{"name":"(anonymous_1)","decl":{"start":{"line":28,"column":19},"end":{"line":28,"column":20}},"loc":{"start":{"line":28,"column":25},"end":{"line":30,"column":5}},"line":28},"2":{"name":"(anonymous_2)","decl":{"start":{"line":32,"column":34},"end":{"line":32,"column":35}},"loc":{"start":{"line":32,"column":40},"end":{"line":34,"column":5}},"line":32},"3":{"name":"(anonymous_3)","decl":{"start":{"line":36,"column":41},"end":{"line":36,"column":42}},"loc":{"start":{"line":36,"column":47},"end":{"line":47,"column":5}},"line":36},"4":{"name":"(anonymous_4)","decl":{"start":{"line":49,"column":27},"end":{"line":49,"column":28}},"loc":{"start":{"line":49,"column":39},"end":{"line":51,"column":5}},"line":49},"5":{"name":"(anonymous_5)","decl":{"start":{"line":53,"column":27},"end":{"line":53,"column":28}},"loc":{"start":{"line":53,"column":39},"end":{"line":68,"column":5}},"line":53},"6":{"name":"(anonymous_6)","decl":{"start":{"line":60,"column":25},"end":{"line":60,"column":26}},"loc":{"start":{"line":60,"column":31},"end":{"line":60,"column":53}},"line":60},"7":{"name":"(anonymous_7)","decl":{"start":{"line":90,"column":33},"end":{"line":90,"column":34}},"loc":{"start":{"line":90,"column":44},"end":{"line":90,"column":66}},"line":90}},"branchMap":{"0":{"loc":{"start":{"line":37,"column":8},"end":{"line":40,"column":9}},"type":"if","locations":[{"start":{"line":37,"column":8},"end":{"line":40,"column":9}},{"start":{},"end":{}}],"line":37},"1":{"loc":{"start":{"line":41,"column":22},"end":{"line":41,"column":65}},"type":"binary-expr","locations":[{"start":{"line":41,"column":22},"end":{"line":41,"column":60}},{"start":{"line":41,"column":64},"end":{"line":41,"column":65}}],"line":41},"2":{"loc":{"start":{"line":42,"column":8},"end":{"line":45,"column":9}},"type":"if","locations":[{"start":{"line":42,"column":8},"end":{"line":45,"column":9}},{"start":{},"end":{}}],"line":42},"3":{"loc":{"start":{"line":55,"column":22},"end":{"line":55,"column":63}},"type":"binary-expr","locations":[{"start":{"line":55,"column":22},"end":{"line":55,"column":58}},{"start":{"line":55,"column":62},"end":{"line":55,"column":63}}],"line":55},"4":{"loc":{"start":{"line":56,"column":23},"end":{"line":56,"column":65}},"type":"binary-expr","locations":[{"start":{"line":56,"column":23},"end":{"line":56,"column":60}},{"start":{"line":56,"column":64},"end":{"line":56,"column":65}}],"line":56}},"s":{"0":1,"1":1,"2":1,"3":1,"4":0,"5":1,"6":0,"7":1,"8":0,"9":0,"10":0,"11":0,"12":0,"13":0,"14":0,"15":0,"16":1,"17":0,"18":1,"19":3,"20":3,"21":3,"22":3,"23":0,"24":1,"25":3,"26":1},"f":{"0":1,"1":0,"2":0,"3":0,"4":0,"5":3,"6":0,"7":3},"b":{"0":[0,0],"1":[0,0],"2":[0,0],"3":[3,3],"4":[3,3]},"_coverageSchema":"1a1c01bbd47fc00a2c39e90264f33305004495a9","hash":"ade6ace8c8840c696b85f33cbe2a2b152799a675"}
,"/Users/selvamurugan/Desktop/WordPuzzle/src/screens/LeaderBoardScreen.js": {"path":"/Users/selvamurugan/Desktop/WordPuzzle/src/screens/LeaderBoardScreen.js","statementMap":{"0":{"start":{"line":20,"column":26},"end":{"line":72,"column":1}},"1":{"start":{"line":22,"column":21},"end":{"line":22,"column":106}},"2":{"start":{"line":22,"column":75},"end":{"line":22,"column":104}},"3":{"start":{"line":27,"column":27},"end":{"line":29,"column":5}},"4":{"start":{"line":28,"column":8},"end":{"line":28,"column":14}},"5":{"start":{"line":31,"column":4},"end":{"line":71,"column":6}},"6":{"start":{"line":41,"column":24},"end":{"line":60,"column":31}},"7":{"start":{"line":74,"column":15},"end":{"line":93,"column":2}}},"fnMap":{"0":{"name":"(anonymous_0)","decl":{"start":{"line":20,"column":26},"end":{"line":20,"column":27}},"loc":{"start":{"line":20,"column":32},"end":{"line":72,"column":1}},"line":20},"1":{"name":"(anonymous_1)","decl":{"start":{"line":22,"column":64},"end":{"line":22,"column":65}},"loc":{"start":{"line":22,"column":75},"end":{"line":22,"column":104}},"line":22},"2":{"name":"(anonymous_2)","decl":{"start":{"line":27,"column":27},"end":{"line":27,"column":28}},"loc":{"start":{"line":27,"column":33},"end":{"line":29,"column":5}},"line":27},"3":{"name":"(anonymous_3)","decl":{"start":{"line":40,"column":32},"end":{"line":40,"column":33}},"loc":{"start":{"line":41,"column":24},"end":{"line":60,"column":31}},"line":41}},"branchMap":{},"s":{"0":1,"1":1,"2":0,"3":1,"4":0,"5":1,"6":0,"7":1},"f":{"0":1,"1":0,"2":0,"3":0},"b":{},"_coverageSchema":"1a1c01bbd47fc00a2c39e90264f33305004495a9","hash":"4eebc3b7f108351fb9548aff8baf196bb98b1f09"}
,"/Users/selvamurugan/Desktop/WordPuzzle/src/screens/LoginScreen.js": {"path":"/Users/selvamurugan/Desktop/WordPuzzle/src/screens/LoginScreen.js","statementMap":{"0":{"start":{"line":20,"column":20},"end":{"line":64,"column":1}},"1":{"start":{"line":21,"column":21},"end":{"line":21,"column":34}},"2":{"start":{"line":22,"column":30},"end":{"line":22,"column":42}},"3":{"start":{"line":27,"column":30},"end":{"line":37,"column":15}},"4":{"start":{"line":29,"column":27},"end":{"line":29,"column":74}},"5":{"start":{"line":30,"column":8},"end":{"line":33,"column":9}},"6":{"start":{"line":31,"column":12},"end":{"line":31,"column":70}},"7":{"start":{"line":32,"column":12},"end":{"line":32,"column":19}},"8":{"start":{"line":35,"column":8},"end":{"line":35,"column":47}},"9":{"start":{"line":36,"column":8},"end":{"line":36,"column":31}},"10":{"start":{"line":39,"column":4},"end":{"line":63,"column":6}},"11":{"start":{"line":53,"column":47},"end":{"line":53,"column":62}},"12":{"start":{"line":66,"column":15},"end":{"line":99,"column":2}}},"fnMap":{"0":{"name":"(anonymous_0)","decl":{"start":{"line":20,"column":20},"end":{"line":20,"column":21}},"loc":{"start":{"line":20,"column":26},"end":{"line":64,"column":1}},"line":20},"1":{"name":"(anonymous_1)","decl":{"start":{"line":27,"column":42},"end":{"line":27,"column":43}},"loc":{"start":{"line":27,"column":54},"end":{"line":37,"column":5}},"line":27},"2":{"name":"(anonymous_2)","decl":{"start":{"line":53,"column":38},"end":{"line":53,"column":39}},"loc":{"start":{"line":53,"column":47},"end":{"line":53,"column":62}},"line":53}},"branchMap":{"0":{"loc":{"start":{"line":30,"column":8},"end":{"line":33,"column":9}},"type":"if","locations":[{"start":{"line":30,"column":8},"end":{"line":33,"column":9}},{"start":{},"end":{}}],"line":30},"1":{"loc":{"start":{"line":45,"column":48},"end":{"line":45,"column":92}},"type":"cond-expr","locations":[{"start":{"line":45,"column":72},"end":{"line":45,"column":81}},{"start":{"line":45,"column":84},"end":{"line":45,"column":92}}],"line":45}},"s":{"0":1,"1":1,"2":1,"3":1,"4":0,"5":0,"6":0,"7":0,"8":0,"9":0,"10":1,"11":0,"12":1},"f":{"0":1,"1":0,"2":0},"b":{"0":[0,0],"1":[1,0]},"_coverageSchema":"1a1c01bbd47fc00a2c39e90264f33305004495a9","hash":"e9c053c32df923dbc2e9b56f93d4848044bef066"}
,"/Users/selvamurugan/Desktop/WordPuzzle/src/screens/PuzzleScreen.js": {"path":"/Users/selvamurugan/Desktop/WordPuzzle/src/screens/PuzzleScreen.js","statementMap":{"0":{"start":{"line":31,"column":21},"end":{"line":287,"column":1}},"1":{"start":{"line":32,"column":21},"end":{"line":32,"column":34}},"2":{"start":{"line":33,"column":25},"end":{"line":33,"column":37}},"3":{"start":{"line":34,"column":20},"end":{"line":34,"column":36}},"4":{"start":{"line":35,"column":24},"end":{"line":35,"column":59}},"5":{"start":{"line":36,"column":30},"end":{"line":36,"column":83}},"6":{"start":{"line":37,"column":32},"end":{"line":37,"column":86}},"7":{"start":{"line":38,"column":36},"end":{"line":38,"column":48}},"8":{"start":{"line":39,"column":34},"end":{"line":39,"column":46}},"9":{"start":{"line":40,"column":46},"end":{"line":40,"column":58}},"10":{"start":{"line":41,"column":46},"end":{"line":41,"column":58}},"11":{"start":{"line":42,"column":30},"end":{"line":42,"column":45}},"12":{"start":{"line":43,"column":34},"end":{"line":43,"column":49}},"13":{"start":{"line":44,"column":25},"end":{"line":44,"column":91}},"14":{"start":{"line":45,"column":40},"end":{"line":45,"column":85}},"15":{"start":{"line":47,"column":4},"end":{"line":50,"column":16}},"16":{"start":{"line":49,"column":8},"end":{"line":49,"column":23}},"17":{"start":{"line":55,"column":25},"end":{"line":64,"column":5}},"18":{"start":{"line":56,"column":25},"end":{"line":56,"column":39}},"19":{"start":{"line":57,"column":8},"end":{"line":57,"column":30}},"20":{"start":{"line":58,"column":31},"end":{"line":58,"column":70}},"21":{"start":{"line":59,"column":8},"end":{"line":59,"column":35}},"22":{"start":{"line":60,"column":8},"end":{"line":60,"column":41}},"23":{"start":{"line":61,"column":8},"end":{"line":61,"column":64}},"24":{"start":{"line":62,"column":29},"end":{"line":62,"column":84}},"25":{"start":{"line":63,"column":8},"end":{"line":63,"column":59}},"26":{"start":{"line":69,"column":27},"end":{"line":71,"column":5}},"27":{"start":{"line":70,"column":8},"end":{"line":70,"column":14}},"28":{"start":{"line":76,"column":26},"end":{"line":87,"column":15}},"29":{"start":{"line":79,"column":8},"end":{"line":82,"column":9}},"30":{"start":{"line":80,"column":12},"end":{"line":80,"column":89}},"31":{"start":{"line":81,"column":12},"end":{"line":81,"column":19}},"32":{"start":{"line":84,"column":8},"end":{"line":84,"column":28}},"33":{"start":{"line":85,"column":8},"end":{"line":85,"column":26}},"34":{"start":{"line":86,"column":8},"end":{"line":86,"column":23}},"35":{"start":{"line":92,"column":29},"end":{"line":96,"column":5}},"36":{"start":{"line":94,"column":24},"end":{"line":94,"column":108}},"37":{"start":{"line":95,"column":8},"end":{"line":95,"column":52}},"38":{"start":{"line":101,"column":25},"end":{"line":104,"column":5}},"39":{"start":{"line":102,"column":8},"end":{"line":102,"column":39}},"40":{"start":{"line":103,"column":8},"end":{"line":103,"column":64}},"41":{"start":{"line":112,"column":30},"end":{"line":130,"column":5}},"42":{"start":{"line":113,"column":8},"end":{"line":129,"column":9}},"43":{"start":{"line":114,"column":12},"end":{"line":114,"column":29}},"44":{"start":{"line":115,"column":12},"end":{"line":115,"column":32}},"45":{"start":{"line":116,"column":28},"end":{"line":120,"column":13}},"46":{"start":{"line":121,"column":12},"end":{"line":121,"column":53}},"47":{"start":{"line":122,"column":12},"end":{"line":122,"column":48}},"48":{"start":{"line":124,"column":12},"end":{"line":124,"column":27}},"49":{"start":{"line":125,"column":12},"end":{"line":125,"column":34}},"50":{"start":{"line":126,"column":12},"end":{"line":128,"column":21}},"51":{"start":{"line":127,"column":16},"end":{"line":127,"column":32}},"52":{"start":{"line":138,"column":34},"end":{"line":166,"column":5}},"53":{"start":{"line":140,"column":8},"end":{"line":142,"column":9}},"54":{"start":{"line":141,"column":12},"end":{"line":141,"column":19}},"55":{"start":{"line":144,"column":29},"end":{"line":144,"column":47}},"56":{"start":{"line":145,"column":8},"end":{"line":145,"column":33}},"57":{"start":{"line":146,"column":8},"end":{"line":146,"column":39}},"58":{"start":{"line":149,"column":29},"end":{"line":149,"column":47}},"59":{"start":{"line":150,"column":23},"end":{"line":150,"column":42}},"60":{"start":{"line":151,"column":8},"end":{"line":165,"column":9}},"61":{"start":{"line":151,"column":21},"end":{"line":151,"column":22}},"62":{"start":{"line":152,"column":23},"end":{"line":152,"column":38}},"63":{"start":{"line":153,"column":12},"end":{"line":164,"column":13}},"64":{"start":{"line":154,"column":16},"end":{"line":154,"column":45}},"65":{"start":{"line":155,"column":16},"end":{"line":155,"column":47}},"66":{"start":{"line":158,"column":16},"end":{"line":162,"column":17}},"67":{"start":{"line":160,"column":39},"end":{"line":160,"column":60}},"68":{"start":{"line":161,"column":20},"end":{"line":161,"column":50}},"69":{"start":{"line":163,"column":16},"end":{"line":163,"column":22}},"70":{"start":{"line":171,"column":34},"end":{"line":191,"column":5}},"71":{"start":{"line":172,"column":8},"end":{"line":172,"column":29}},"72":{"start":{"line":173,"column":25},"end":{"line":173,"column":27}},"73":{"start":{"line":174,"column":23},"end":{"line":174,"column":43}},"74":{"start":{"line":176,"column":8},"end":{"line":184,"column":9}},"75":{"start":{"line":176,"column":21},"end":{"line":176,"column":31}},"76":{"start":{"line":177,"column":12},"end":{"line":177,"column":42}},"77":{"start":{"line":178,"column":12},"end":{"line":183,"column":13}},"78":{"start":{"line":179,"column":37},"end":{"line":179,"column":55}},"79":{"start":{"line":180,"column":16},"end":{"line":180,"column":37}},"80":{"start":{"line":181,"column":16},"end":{"line":181,"column":47}},"81":{"start":{"line":182,"column":16},"end":{"line":182,"column":22}},"82":{"start":{"line":186,"column":8},"end":{"line":190,"column":9}},"83":{"start":{"line":187,"column":33},"end":{"line":187,"column":51}},"84":{"start":{"line":188,"column":12},"end":{"line":188,"column":56}},"85":{"start":{"line":189,"column":12},"end":{"line":189,"column":43}},"86":{"start":{"line":197,"column":26},"end":{"line":208,"column":5}},"87":{"start":{"line":198,"column":8},"end":{"line":207,"column":9}},"88":{"start":{"line":214,"column":25},"end":{"line":253,"column":5}},"89":{"start":{"line":215,"column":8},"end":{"line":252,"column":10}},"90":{"start":{"line":227,"column":28},"end":{"line":227,"column":53}},"91":{"start":{"line":245,"column":24},"end":{"line":248,"column":26}},"92":{"start":{"line":247,"column":43},"end":{"line":247,"column":77}},"93":{"start":{"line":255,"column":4},"end":{"line":286,"column":6}},"94":{"start":{"line":289,"column":15},"end":{"line":308,"column":2}}},"fnMap":{"0":{"name":"(anonymous_0)","decl":{"start":{"line":31,"column":21},"end":{"line":31,"column":22}},"loc":{"start":{"line":31,"column":36},"end":{"line":287,"column":1}},"line":31},"1":{"name":"(anonymous_1)","decl":{"start":{"line":47,"column":14},"end":{"line":47,"column":15}},"loc":{"start":{"line":47,"column":20},"end":{"line":50,"column":5}},"line":47},"2":{"name":"(anonymous_2)","decl":{"start":{"line":55,"column":25},"end":{"line":55,"column":26}},"loc":{"start":{"line":55,"column":31},"end":{"line":64,"column":5}},"line":55},"3":{"name":"(anonymous_3)","decl":{"start":{"line":69,"column":27},"end":{"line":69,"column":28}},"loc":{"start":{"line":69,"column":33},"end":{"line":71,"column":5}},"line":69},"4":{"name":"(anonymous_4)","decl":{"start":{"line":76,"column":38},"end":{"line":76,"column":39}},"loc":{"start":{"line":76,"column":44},"end":{"line":87,"column":5}},"line":76},"5":{"name":"(anonymous_5)","decl":{"start":{"line":92,"column":29},"end":{"line":92,"column":30}},"loc":{"start":{"line":92,"column":35},"end":{"line":96,"column":5}},"line":92},"6":{"name":"(anonymous_6)","decl":{"start":{"line":101,"column":25},"end":{"line":101,"column":26}},"loc":{"start":{"line":101,"column":31},"end":{"line":104,"column":5}},"line":101},"7":{"name":"(anonymous_7)","decl":{"start":{"line":112,"column":30},"end":{"line":112,"column":31}},"loc":{"start":{"line":112,"column":46},"end":{"line":130,"column":5}},"line":112},"8":{"name":"(anonymous_8)","decl":{"start":{"line":126,"column":23},"end":{"line":126,"column":24}},"loc":{"start":{"line":126,"column":29},"end":{"line":128,"column":13}},"line":126},"9":{"name":"(anonymous_9)","decl":{"start":{"line":138,"column":34},"end":{"line":138,"column":35}},"loc":{"start":{"line":138,"column":57},"end":{"line":166,"column":5}},"line":138},"10":{"name":"(anonymous_10)","decl":{"start":{"line":171,"column":34},"end":{"line":171,"column":35}},"loc":{"start":{"line":171,"column":40},"end":{"line":191,"column":5}},"line":171},"11":{"name":"(anonymous_11)","decl":{"start":{"line":197,"column":26},"end":{"line":197,"column":27}},"loc":{"start":{"line":197,"column":32},"end":{"line":208,"column":5}},"line":197},"12":{"name":"(anonymous_12)","decl":{"start":{"line":214,"column":25},"end":{"line":214,"column":26}},"loc":{"start":{"line":214,"column":31},"end":{"line":253,"column":5}},"line":214},"13":{"name":"(anonymous_13)","decl":{"start":{"line":226,"column":36},"end":{"line":226,"column":37}},"loc":{"start":{"line":227,"column":28},"end":{"line":227,"column":53}},"line":227},"14":{"name":"(anonymous_14)","decl":{"start":{"line":244,"column":32},"end":{"line":244,"column":33}},"loc":{"start":{"line":245,"column":24},"end":{"line":248,"column":26}},"line":245},"15":{"name":"(anonymous_15)","decl":{"start":{"line":247,"column":37},"end":{"line":247,"column":38}},"loc":{"start":{"line":247,"column":43},"end":{"line":247,"column":77}},"line":247}},"branchMap":{"0":{"loc":{"start":{"line":36,"column":39},"end":{"line":36,"column":82}},"type":"binary-expr","locations":[{"start":{"line":36,"column":39},"end":{"line":36,"column":77}},{"start":{"line":36,"column":81},"end":{"line":36,"column":82}}],"line":36},"1":{"loc":{"start":{"line":37,"column":41},"end":{"line":37,"column":85}},"type":"binary-expr","locations":[{"start":{"line":37,"column":41},"end":{"line":37,"column":80}},{"start":{"line":37,"column":84},"end":{"line":37,"column":85}}],"line":37},"2":{"loc":{"start":{"line":44,"column":36},"end":{"line":44,"column":90}},"type":"cond-expr","locations":[{"start":{"line":44,"column":53},"end":{"line":44,"column":86}},{"start":{"line":44,"column":89},"end":{"line":44,"column":90}}],"line":44},"3":{"loc":{"start":{"line":45,"column":49},"end":{"line":45,"column":84}},"type":"cond-expr","locations":[{"start":{"line":45,"column":68},"end":{"line":45,"column":69}},{"start":{"line":45,"column":72},"end":{"line":45,"column":84}}],"line":45},"4":{"loc":{"start":{"line":62,"column":40},"end":{"line":62,"column":83}},"type":"cond-expr","locations":[{"start":{"line":62,"column":51},"end":{"line":62,"column":79}},{"start":{"line":62,"column":82},"end":{"line":62,"column":83}}],"line":62},"5":{"loc":{"start":{"line":63,"column":22},"end":{"line":63,"column":57}},"type":"cond-expr","locations":[{"start":{"line":63,"column":41},"end":{"line":63,"column":42}},{"start":{"line":63,"column":45},"end":{"line":63,"column":57}}],"line":63},"6":{"loc":{"start":{"line":79,"column":8},"end":{"line":82,"column":9}},"type":"if","locations":[{"start":{"line":79,"column":8},"end":{"line":82,"column":9}},{"start":{},"end":{}}],"line":79},"7":{"loc":{"start":{"line":113,"column":8},"end":{"line":129,"column":9}},"type":"if","locations":[{"start":{"line":113,"column":8},"end":{"line":129,"column":9}},{"start":{"line":123,"column":15},"end":{"line":129,"column":9}}],"line":113},"8":{"loc":{"start":{"line":140,"column":8},"end":{"line":142,"column":9}},"type":"if","locations":[{"start":{"line":140,"column":8},"end":{"line":142,"column":9}},{"start":{},"end":{}}],"line":140},"9":{"loc":{"start":{"line":153,"column":12},"end":{"line":164,"column":13}},"type":"if","locations":[{"start":{"line":153,"column":12},"end":{"line":164,"column":13}},{"start":{},"end":{}}],"line":153},"10":{"loc":{"start":{"line":158,"column":16},"end":{"line":162,"column":17}},"type":"if","locations":[{"start":{"line":158,"column":16},"end":{"line":162,"column":17}},{"start":{},"end":{}}],"line":158},"11":{"loc":{"start":{"line":178,"column":12},"end":{"line":183,"column":13}},"type":"if","locations":[{"start":{"line":178,"column":12},"end":{"line":183,"column":13}},{"start":{},"end":{}}],"line":178},"12":{"loc":{"start":{"line":186,"column":8},"end":{"line":190,"column":9}},"type":"if","locations":[{"start":{"line":186,"column":8},"end":{"line":190,"column":9}},{"start":{},"end":{}}],"line":186},"13":{"loc":{"start":{"line":263,"column":48},"end":{"line":263,"column":80}},"type":"cond-expr","locations":[{"start":{"line":263,"column":56},"end":{"line":263,"column":74}},{"start":{"line":263,"column":77},"end":{"line":263,"column":80}}],"line":263},"14":{"loc":{"start":{"line":264,"column":17},"end":{"line":264,"column":59}},"type":"cond-expr","locations":[{"start":{"line":264,"column":27},"end":{"line":264,"column":42}},{"start":{"line":264,"column":45},"end":{"line":264,"column":59}}],"line":264},"15":{"loc":{"start":{"line":271,"column":21},"end":{"line":282,"column":21}},"type":"cond-expr","locations":[{"start":{"line":272,"column":24},"end":{"line":276,"column":26}},{"start":{"line":277,"column":24},"end":{"line":281,"column":26}}],"line":271}},"s":{"0":1,"1":2,"2":2,"3":2,"4":2,"5":2,"6":2,"7":2,"8":2,"9":2,"10":2,"11":2,"12":2,"13":2,"14":2,"15":2,"16":1,"17":2,"18":1,"19":1,"20":1,"21":1,"22":1,"23":1,"24":1,"25":1,"26":2,"27":0,"28":2,"29":0,"30":0,"31":0,"32":0,"33":0,"34":0,"35":2,"36":0,"37":0,"38":2,"39":0,"40":0,"41":2,"42":0,"43":0,"44":0,"45":0,"46":0,"47":0,"48":0,"49":0,"50":0,"51":0,"52":2,"53":0,"54":0,"55":0,"56":0,"57":0,"58":0,"59":0,"60":0,"61":0,"62":0,"63":0,"64":0,"65":0,"66":0,"67":0,"68":0,"69":0,"70":2,"71":0,"72":0,"73":0,"74":0,"75":0,"76":0,"77":0,"78":0,"79":0,"80":0,"81":0,"82":0,"83":0,"84":0,"85":0,"86":2,"87":0,"88":2,"89":2,"90":0,"91":0,"92":0,"93":2,"94":1},"f":{"0":2,"1":1,"2":1,"3":0,"4":0,"5":0,"6":0,"7":0,"8":0,"9":0,"10":0,"11":0,"12":2,"13":0,"14":0,"15":0},"b":{"0":[2,2],"1":[2,2],"2":[0,2],"3":[0,2],"4":[0,1],"5":[0,1],"6":[0,0],"7":[0,0],"8":[0,0],"9":[0,0],"10":[0,0],"11":[0,0],"12":[0,0],"13":[0,2],"14":[0,2],"15":[0,2]},"_coverageSchema":"1a1c01bbd47fc00a2c39e90264f33305004495a9","hash":"78d71740a8c6eae05fe4e196d08a37f0fcbe12af"}
,"/Users/selvamurugan/Desktop/WordPuzzle/src/screens/SplashScreen.js": {"path":"/Users/selvamurugan/Desktop/WordPuzzle/src/screens/SplashScreen.js","statementMap":{"0":{"start":{"line":12,"column":21},"end":{"line":33,"column":1}},"1":{"start":{"line":14,"column":4},"end":{"line":19,"column":11}},"2":{"start":{"line":16,"column":8},"end":{"line":18,"column":16}},"3":{"start":{"line":17,"column":12},"end":{"line":17,"column":35}},"4":{"start":{"line":21,"column":4},"end":{"line":32,"column":6}},"5":{"start":{"line":35,"column":15},"end":{"line":36,"column":2}}},"fnMap":{"0":{"name":"(anonymous_0)","decl":{"start":{"line":12,"column":21},"end":{"line":12,"column":22}},"loc":{"start":{"line":12,"column":27},"end":{"line":33,"column":1}},"line":12},"1":{"name":"(anonymous_1)","decl":{"start":{"line":14,"column":14},"end":{"line":14,"column":15}},"loc":{"start":{"line":14,"column":20},"end":{"line":19,"column":5}},"line":14},"2":{"name":"(anonymous_2)","decl":{"start":{"line":16,"column":19},"end":{"line":16,"column":20}},"loc":{"start":{"line":16,"column":25},"end":{"line":18,"column":9}},"line":16}},"branchMap":{},"s":{"0":1,"1":1,"2":0,"3":0,"4":1,"5":1},"f":{"0":1,"1":0,"2":0},"b":{},"_coverageSchema":"1a1c01bbd47fc00a2c39e90264f33305004495a9","hash":"da5e107996787c309a6a94f526e8594128a6b93c"}
,"/Users/selvamurugan/Desktop/WordPuzzle/src/utils/constants.js": {"path":"/Users/selvamurugan/Desktop/WordPuzzle/src/utils/constants.js","statementMap":{"0":{"start":{"line":4,"column":22},"end":{"line":10,"column":1}}},"fnMap":{},"branchMap":{},"s":{"0":6},"f":{},"b":{},"_coverageSchema":"1a1c01bbd47fc00a2c39e90264f33305004495a9","hash":"5ca6ae3660f94f828bab5f6aa267c4bdc75f1591"}
,"/Users/selvamurugan/Desktop/WordPuzzle/src/utils/puzzles.js": {"path":"/Users/selvamurugan/Desktop/WordPuzzle/src/utils/puzzles.js","statementMap":{"0":{"start":{"line":6,"column":0},"end":{"line":205,"column":1}}},"fnMap":{},"branchMap":{},"s":{"0":1},"f":{},"b":{},"_coverageSchema":"1a1c01bbd47fc00a2c39e90264f33305004495a9","hash":"b643c952d706bb7874c8f3152f3b4f5b90564b87"}
,"/Users/selvamurugan/Desktop/WordPuzzle/src/utils/styles.js": {"path":"/Users/selvamurugan/Desktop/WordPuzzle/src/utils/styles.js","statementMap":{},"fnMap":{},"branchMap":{},"s":{},"f":{},"b":{},"_coverageSchema":"1a1c01bbd47fc00a2c39e90264f33305004495a9","hash":"820a66c14d08b2c576675a9d9ec55587e0250f70"}
,"/Users/selvamurugan/Desktop/WordPuzzle/src/utils/utils.js": {"path":"/Users/selvamurugan/Desktop/WordPuzzle/src/utils/utils.js","statementMap":{"0":{"start":{"line":8,"column":23},"end":{"line":18,"column":1}},"1":{"start":{"line":9,"column":25},"end":{"line":9,"column":39}},"2":{"start":{"line":10,"column":14},"end":{"line":10,"column":33}},"3":{"start":{"line":11,"column":4},"end":{"line":16,"column":5}},"4":{"start":{"line":11,"column":17},"end":{"line":11,"column":22}},"5":{"start":{"line":12,"column":18},"end":{"line":12,"column":53}},"6":{"start":{"line":13,"column":20},"end":{"line":13,"column":35}},"7":{"start":{"line":14,"column":8},"end":{"line":14,"column":42}},"8":{"start":{"line":15,"column":8},"end":{"line":15,"column":30}},"9":{"start":{"line":17,"column":4},"end":{"line":17,"column":33}},"10":{"start":{"line":26,"column":37},"end":{"line":28,"column":1}},"11":{"start":{"line":27,"column":4},"end":{"line":27,"column":79}},"12":{"start":{"line":27,"column":59},"end":{"line":27,"column":76}},"13":{"start":{"line":36,"column":35},"end":{"line":38,"column":1}},"14":{"start":{"line":37,"column":4},"end":{"line":37,"column":42}},"15":{"start":{"line":37,"column":37},"end":{"line":37,"column":39}},"16":{"start":{"line":45,"column":23},"end":{"line":54,"column":1}},"17":{"start":{"line":46,"column":15},"end":{"line":46,"column":17}},"18":{"start":{"line":47,"column":14},"end":{"line":47,"column":30}},"19":{"start":{"line":48,"column":4},"end":{"line":52,"column":5}},"20":{"start":{"line":48,"column":17},"end":{"line":48,"column":18}},"21":{"start":{"line":49,"column":21},"end":{"line":49,"column":33}},"22":{"start":{"line":50,"column":23},"end":{"line":50,"column":54}},"23":{"start":{"line":51,"column":8},"end":{"line":51,"column":29}},"24":{"start":{"line":53,"column":4},"end":{"line":53,"column":16}},"25":{"start":{"line":60,"column":25},"end":{"line":70,"column":1}},"26":{"start":{"line":61,"column":18},"end":{"line":69,"column":6}},"27":{"start":{"line":62,"column":8},"end":{"line":65,"column":9}},"28":{"start":{"line":63,"column":12},"end":{"line":63,"column":43}},"29":{"start":{"line":64,"column":12},"end":{"line":64,"column":19}},"30":{"start":{"line":66,"column":8},"end":{"line":68,"column":11}},"31":{"start":{"line":67,"column":12},"end":{"line":67,"column":28}}},"fnMap":{"0":{"name":"(anonymous_0)","decl":{"start":{"line":8,"column":23},"end":{"line":8,"column":24}},"loc":{"start":{"line":8,"column":33},"end":{"line":18,"column":1}},"line":8},"1":{"name":"(anonymous_1)","decl":{"start":{"line":26,"column":37},"end":{"line":26,"column":38}},"loc":{"start":{"line":26,"column":52},"end":{"line":28,"column":1}},"line":26},"2":{"name":"(anonymous_2)","decl":{"start":{"line":27,"column":39},"end":{"line":27,"column":40}},"loc":{"start":{"line":27,"column":59},"end":{"line":27,"column":76}},"line":27},"3":{"name":"(anonymous_3)","decl":{"start":{"line":36,"column":35},"end":{"line":36,"column":36}},"loc":{"start":{"line":36,"column":50},"end":{"line":38,"column":1}},"line":36},"4":{"name":"(anonymous_4)","decl":{"start":{"line":37,"column":30},"end":{"line":37,"column":31}},"loc":{"start":{"line":37,"column":37},"end":{"line":37,"column":39}},"line":37},"5":{"name":"(anonymous_5)","decl":{"start":{"line":45,"column":23},"end":{"line":45,"column":24}},"loc":{"start":{"line":45,"column":38},"end":{"line":54,"column":1}},"line":45},"6":{"name":"(anonymous_6)","decl":{"start":{"line":60,"column":25},"end":{"line":60,"column":26}},"loc":{"start":{"line":60,"column":40},"end":{"line":70,"column":1}},"line":60},"7":{"name":"(anonymous_7)","decl":{"start":{"line":61,"column":39},"end":{"line":61,"column":40}},"loc":{"start":{"line":61,"column":58},"end":{"line":69,"column":5}},"line":61},"8":{"name":"(anonymous_8)","decl":{"start":{"line":66,"column":19},"end":{"line":66,"column":20}},"loc":{"start":{"line":66,"column":25},"end":{"line":68,"column":9}},"line":66}},"branchMap":{"0":{"loc":{"start":{"line":26,"column":38},"end":{"line":26,"column":47}},"type":"default-arg","locations":[{"start":{"line":26,"column":45},"end":{"line":26,"column":47}}],"line":26},"1":{"loc":{"start":{"line":36,"column":36},"end":{"line":36,"column":45}},"type":"default-arg","locations":[{"start":{"line":36,"column":43},"end":{"line":36,"column":45}}],"line":36},"2":{"loc":{"start":{"line":50,"column":23},"end":{"line":50,"column":54}},"type":"cond-expr","locations":[{"start":{"line":50,"column":38},"end":{"line":50,"column":49}},{"start":{"line":50,"column":52},"end":{"line":50,"column":54}}],"line":50},"3":{"loc":{"start":{"line":62,"column":8},"end":{"line":65,"column":9}},"type":"if","locations":[{"start":{"line":62,"column":8},"end":{"line":65,"column":9}},{"start":{},"end":{}}],"line":62}},"s":{"0":6,"1":4,"2":4,"3":4,"4":4,"5":3,"6":3,"7":3,"8":3,"9":4,"10":6,"11":3,"12":2,"13":6,"14":3,"15":2,"16":6,"17":2,"18":2,"19":2,"20":2,"21":8,"22":8,"23":8,"24":2,"25":6,"26":0,"27":0,"28":0,"29":0,"30":0,"31":0},"f":{"0":4,"1":3,"2":2,"3":3,"4":2,"5":2,"6":0,"7":0,"8":0},"b":{"0":[1],"1":[1],"2":[8,0],"3":[0,0]},"_coverageSchema":"1a1c01bbd47fc00a2c39e90264f33305004495a9","hash":"3a8a1f85defa620316864f810e82dc2cfbab87fb"}
}
