{"/Users/selvamurugan/Desktop/WordPuzzle/src/assets/index.js": {"path":"/Users/selvamurugan/Desktop/WordPuzzle/src/assets/index.js","statementMap":{"0":{"start":{"line":2,"column":19},"end":{"line":2,"column":53}},"1":{"start":{"line":3,"column":15},"end":{"line":3,"column":45}},"2":{"start":{"line":4,"column":16},"end":{"line":4,"column":47}},"3":{"start":{"line":5,"column":13},"end":{"line":5,"column":41}},"4":{"start":{"line":6,"column":20},"end":{"line":6,"column":50}},"5":{"start":{"line":7,"column":22},"end":{"line":7,"column":54}},"6":{"start":{"line":8,"column":18},"end":{"line":8,"column":46}},"7":{"start":{"line":9,"column":19},"end":{"line":9,"column":48}},"8":{"start":{"line":10,"column":17},"end":{"line":10,"column":48}}},"fnMap":{},"branchMap":{},"s":{"0":1,"1":1,"2":1,"3":1,"4":1,"5":1,"6":1,"7":1,"8":1},"f":{},"b":{},"_coverageSchema":"1a1c01bbd47fc00a2c39e90264f33305004495a9","hash":"8be0c71365e981702bfb5d81f599ebd1c8f425cc"}
,"/Users/selvamurugan/Desktop/WordPuzzle/src/assets/images/background.jpg": {"path":"/Users/selvamurugan/Desktop/WordPuzzle/src/assets/images/background.jpg","statementMap":{"0":{"start":{"line":1,"column":0},"end":{"line":4,"column":6}}},"fnMap":{},"branchMap":{},"s":{"0":1},"f":{},"b":{},"_coverageSchema":"1a1c01bbd47fc00a2c39e90264f33305004495a9","hash":"a48dab4961ec6f8998e95f04fd6def834cc2894e"}
,"/Users/selvamurugan/Desktop/WordPuzzle/src/assets/images/gold.jpg": {"path":"/Users/selvamurugan/Desktop/WordPuzzle/src/assets/images/gold.jpg","statementMap":{"0":{"start":{"line":1,"column":0},"end":{"line":4,"column":6}}},"fnMap":{},"branchMap":{},"s":{"0":1},"f":{},"b":{},"_coverageSchema":"1a1c01bbd47fc00a2c39e90264f33305004495a9","hash":"5bc3bb0c78d897708a6b8b05fcebbee8130d054f"}
,"/Users/selvamurugan/Desktop/WordPuzzle/src/assets/images/logout.jpg": {"path":"/Users/selvamurugan/Desktop/WordPuzzle/src/assets/images/logout.jpg","statementMap":{"0":{"start":{"line":1,"column":0},"end":{"line":4,"column":6}}},"fnMap":{},"branchMap":{},"s":{"0":1},"f":{},"b":{},"_coverageSchema":"1a1c01bbd47fc00a2c39e90264f33305004495a9","hash":"f0d3e34f4dfa2dfaaa2300e66b863bcc5d1bd2c7"}
,"/Users/selvamurugan/Desktop/WordPuzzle/src/assets/images/profile.jpg": {"path":"/Users/selvamurugan/Desktop/WordPuzzle/src/assets/images/profile.jpg","statementMap":{"0":{"start":{"line":1,"column":0},"end":{"line":4,"column":6}}},"fnMap":{},"branchMap":{},"s":{"0":1},"f":{},"b":{},"_coverageSchema":"1a1c01bbd47fc00a2c39e90264f33305004495a9","hash":"53057c4409688eb7657f3acc30e5fc2b4ccda7ac"}
,"/Users/selvamurugan/Desktop/WordPuzzle/src/components/actionButton.js": {"path":"/Users/selvamurugan/Desktop/WordPuzzle/src/components/actionButton.js","statementMap":{"0":{"start":{"line":15,"column":21},"end":{"line":33,"column":1}},"1":{"start":{"line":17,"column":20},"end":{"line":20,"column":5}},"2":{"start":{"line":18,"column":8},"end":{"line":18,"column":31}},"3":{"start":{"line":19,"column":8},"end":{"line":19,"column":18}},"4":{"start":{"line":22,"column":4},"end":{"line":32,"column":6}},"5":{"start":{"line":35,"column":15},"end":{"line":44,"column":2}}},"fnMap":{"0":{"name":"(anonymous_0)","decl":{"start":{"line":15,"column":21},"end":{"line":15,"column":22}},"loc":{"start":{"line":15,"column":52},"end":{"line":33,"column":1}},"line":15},"1":{"name":"(anonymous_1)","decl":{"start":{"line":17,"column":20},"end":{"line":17,"column":21}},"loc":{"start":{"line":17,"column":26},"end":{"line":20,"column":5}},"line":17}},"branchMap":{},"s":{"0":1,"1":1,"2":0,"3":0,"4":1,"5":1},"f":{"0":1,"1":0},"b":{},"_coverageSchema":"1a1c01bbd47fc00a2c39e90264f33305004495a9","hash":"4a63448433ac2c9b89f7ed5f43a33a71792debf9"}
,"/Users/selvamurugan/Desktop/WordPuzzle/src/components/backgroundWallpaper.js": {"path":"/Users/selvamurugan/Desktop/WordPuzzle/src/components/backgroundWallpaper.js","statementMap":{"0":{"start":{"line":10,"column":26},"end":{"line":17,"column":1}},"1":{"start":{"line":11,"column":4},"end":{"line":16,"column":22}},"2":{"start":{"line":19,"column":15},"end":{"line":25,"column":2}}},"fnMap":{"0":{"name":"(anonymous_0)","decl":{"start":{"line":10,"column":26},"end":{"line":10,"column":27}},"loc":{"start":{"line":11,"column":4},"end":{"line":16,"column":22}},"line":11}},"branchMap":{},"s":{"0":1,"1":1,"2":1},"f":{"0":1},"b":{},"_coverageSchema":"1a1c01bbd47fc00a2c39e90264f33305004495a9","hash":"fd1b28fbaeb5dabf7399608aa10a1357e9648fb7"}
,"/Users/selvamurugan/Desktop/WordPuzzle/src/components/category.js": {"path":"/Users/selvamurugan/Desktop/WordPuzzle/src/components/category.js","statementMap":{"0":{"start":{"line":17,"column":17},"end":{"line":43,"column":1}},"1":{"start":{"line":19,"column":20},"end":{"line":22,"column":5}},"2":{"start":{"line":20,"column":8},"end":{"line":20,"column":33}},"3":{"start":{"line":21,"column":8},"end":{"line":21,"column":18}},"4":{"start":{"line":24,"column":4},"end":{"line":42,"column":6}},"5":{"start":{"line":45,"column":15},"end":{"line":53,"column":2}}},"fnMap":{"0":{"name":"(anonymous_0)","decl":{"start":{"line":17,"column":17},"end":{"line":17,"column":18}},"loc":{"start":{"line":17,"column":91},"end":{"line":43,"column":1}},"line":17},"1":{"name":"(anonymous_1)","decl":{"start":{"line":19,"column":20},"end":{"line":19,"column":21}},"loc":{"start":{"line":19,"column":26},"end":{"line":22,"column":5}},"line":19}},"branchMap":{"0":{"loc":{"start":{"line":29,"column":86},"end":{"line":29,"column":146}},"type":"cond-expr","locations":[{"start":{"line":29,"column":107},"end":{"line":29,"column":120}},{"start":{"line":29,"column":123},"end":{"line":29,"column":146}}],"line":29}},"s":{"0":1,"1":1,"2":0,"3":0,"4":1,"5":1},"f":{"0":1,"1":0},"b":{"0":[0,1]},"_coverageSchema":"1a1c01bbd47fc00a2c39e90264f33305004495a9","hash":"39a60bcbdc03ac8a71f9a0f334911fe2302da0b2"}
,"/Users/selvamurugan/Desktop/WordPuzzle/src/components/header.js": {"path":"/Users/selvamurugan/Desktop/WordPuzzle/src/components/header.js","statementMap":{"0":{"start":{"line":12,"column":15},"end":{"line":28,"column":1}},"1":{"start":{"line":13,"column":4},"end":{"line":27,"column":20}}},"fnMap":{"0":{"name":"(anonymous_0)","decl":{"start":{"line":12,"column":15},"end":{"line":12,"column":16}},"loc":{"start":{"line":13,"column":4},"end":{"line":27,"column":20}},"line":13}},"branchMap":{},"s":{"0":1,"1":1},"f":{"0":1},"b":{},"_coverageSchema":"1a1c01bbd47fc00a2c39e90264f33305004495a9","hash":"1ad6576abca89948b53a4ef6e9ecf9ca90e8ccbd"}
,"/Users/selvamurugan/Desktop/WordPuzzle/src/components/puzzleBox.js": {"path":"/Users/selvamurugan/Desktop/WordPuzzle/src/components/puzzleBox.js","statementMap":{"0":{"start":{"line":14,"column":18},"end":{"line":31,"column":1}},"1":{"start":{"line":16,"column":20},"end":{"line":19,"column":5}},"2":{"start":{"line":17,"column":8},"end":{"line":17,"column":29}},"3":{"start":{"line":18,"column":8},"end":{"line":18,"column":18}},"4":{"start":{"line":20,"column":4},"end":{"line":30,"column":6}},"5":{"start":{"line":33,"column":15},"end":{"line":39,"column":2}}},"fnMap":{"0":{"name":"(anonymous_0)","decl":{"start":{"line":14,"column":18},"end":{"line":14,"column":19}},"loc":{"start":{"line":14,"column":41},"end":{"line":31,"column":1}},"line":14},"1":{"name":"(anonymous_1)","decl":{"start":{"line":16,"column":20},"end":{"line":16,"column":21}},"loc":{"start":{"line":16,"column":26},"end":{"line":19,"column":5}},"line":16}},"branchMap":{"0":{"loc":{"start":{"line":23,"column":27},"end":{"line":23,"column":66}},"type":"cond-expr","locations":[{"start":{"line":23,"column":37},"end":{"line":23,"column":49}},{"start":{"line":23,"column":52},"end":{"line":23,"column":66}}],"line":23}},"s":{"0":1,"1":1,"2":0,"3":0,"4":1,"5":1},"f":{"0":1,"1":0},"b":{"0":[0,1]},"_coverageSchema":"1a1c01bbd47fc00a2c39e90264f33305004495a9","hash":"b7b804ec2af142158842a8a19ee323ceb06c703d"}
,"/Users/selvamurugan/Desktop/WordPuzzle/src/components/success.js": {"path":"/Users/selvamurugan/Desktop/WordPuzzle/src/components/success.js","statementMap":{"0":{"start":{"line":13,"column":16},"end":{"line":23,"column":1}},"1":{"start":{"line":14,"column":4},"end":{"line":22,"column":20}},"2":{"start":{"line":25,"column":15},"end":{"line":32,"column":2}}},"fnMap":{"0":{"name":"(anonymous_0)","decl":{"start":{"line":13,"column":16},"end":{"line":13,"column":17}},"loc":{"start":{"line":14,"column":4},"end":{"line":22,"column":20}},"line":14}},"branchMap":{},"s":{"0":1,"1":1,"2":1},"f":{"0":1},"b":{},"_coverageSchema":"1a1c01bbd47fc00a2c39e90264f33305004495a9","hash":"c2f12772bc185a16c78379d0fae8c4da7c76132e"}
,"/Users/selvamurugan/Desktop/WordPuzzle/src/utils/constants.js": {"path":"/Users/selvamurugan/Desktop/WordPuzzle/src/utils/constants.js","statementMap":{"0":{"start":{"line":4,"column":22},"end":{"line":10,"column":1}}},"fnMap":{},"branchMap":{},"s":{"0":1},"f":{},"b":{},"_coverageSchema":"1a1c01bbd47fc00a2c39e90264f33305004495a9","hash":"5ca6ae3660f94f828bab5f6aa267c4bdc75f1591"}
,"/Users/selvamurugan/Desktop/WordPuzzle/src/utils/styles.js": {"path":"/Users/selvamurugan/Desktop/WordPuzzle/src/utils/styles.js","statementMap":{},"fnMap":{},"branchMap":{},"s":{},"f":{},"b":{},"_coverageSchema":"1a1c01bbd47fc00a2c39e90264f33305004495a9","hash":"820a66c14d08b2c576675a9d9ec55587e0250f70"}
,"/Users/selvamurugan/Desktop/WordPuzzle/src/utils/utils.js": {"path":"/Users/selvamurugan/Desktop/WordPuzzle/src/utils/utils.js","statementMap":{"0":{"start":{"line":8,"column":23},"end":{"line":18,"column":1}},"1":{"start":{"line":9,"column":25},"end":{"line":9,"column":39}},"2":{"start":{"line":10,"column":14},"end":{"line":10,"column":33}},"3":{"start":{"line":11,"column":4},"end":{"line":16,"column":5}},"4":{"start":{"line":11,"column":17},"end":{"line":11,"column":22}},"5":{"start":{"line":12,"column":18},"end":{"line":12,"column":53}},"6":{"start":{"line":13,"column":20},"end":{"line":13,"column":35}},"7":{"start":{"line":14,"column":8},"end":{"line":14,"column":42}},"8":{"start":{"line":15,"column":8},"end":{"line":15,"column":30}},"9":{"start":{"line":17,"column":4},"end":{"line":17,"column":33}},"10":{"start":{"line":26,"column":37},"end":{"line":28,"column":1}},"11":{"start":{"line":27,"column":4},"end":{"line":27,"column":79}},"12":{"start":{"line":27,"column":59},"end":{"line":27,"column":76}},"13":{"start":{"line":36,"column":35},"end":{"line":38,"column":1}},"14":{"start":{"line":37,"column":4},"end":{"line":37,"column":42}},"15":{"start":{"line":37,"column":37},"end":{"line":37,"column":39}},"16":{"start":{"line":45,"column":23},"end":{"line":54,"column":1}},"17":{"start":{"line":46,"column":15},"end":{"line":46,"column":17}},"18":{"start":{"line":47,"column":14},"end":{"line":47,"column":30}},"19":{"start":{"line":48,"column":4},"end":{"line":52,"column":5}},"20":{"start":{"line":48,"column":17},"end":{"line":48,"column":18}},"21":{"start":{"line":49,"column":21},"end":{"line":49,"column":33}},"22":{"start":{"line":50,"column":23},"end":{"line":50,"column":54}},"23":{"start":{"line":51,"column":8},"end":{"line":51,"column":29}},"24":{"start":{"line":53,"column":4},"end":{"line":53,"column":16}},"25":{"start":{"line":60,"column":25},"end":{"line":70,"column":1}},"26":{"start":{"line":61,"column":18},"end":{"line":69,"column":6}},"27":{"start":{"line":62,"column":8},"end":{"line":65,"column":9}},"28":{"start":{"line":63,"column":12},"end":{"line":63,"column":43}},"29":{"start":{"line":64,"column":12},"end":{"line":64,"column":19}},"30":{"start":{"line":66,"column":8},"end":{"line":68,"column":11}},"31":{"start":{"line":67,"column":12},"end":{"line":67,"column":28}}},"fnMap":{"0":{"name":"(anonymous_0)","decl":{"start":{"line":8,"column":23},"end":{"line":8,"column":24}},"loc":{"start":{"line":8,"column":33},"end":{"line":18,"column":1}},"line":8},"1":{"name":"(anonymous_1)","decl":{"start":{"line":26,"column":37},"end":{"line":26,"column":38}},"loc":{"start":{"line":26,"column":52},"end":{"line":28,"column":1}},"line":26},"2":{"name":"(anonymous_2)","decl":{"start":{"line":27,"column":39},"end":{"line":27,"column":40}},"loc":{"start":{"line":27,"column":59},"end":{"line":27,"column":76}},"line":27},"3":{"name":"(anonymous_3)","decl":{"start":{"line":36,"column":35},"end":{"line":36,"column":36}},"loc":{"start":{"line":36,"column":50},"end":{"line":38,"column":1}},"line":36},"4":{"name":"(anonymous_4)","decl":{"start":{"line":37,"column":30},"end":{"line":37,"column":31}},"loc":{"start":{"line":37,"column":37},"end":{"line":37,"column":39}},"line":37},"5":{"name":"(anonymous_5)","decl":{"start":{"line":45,"column":23},"end":{"line":45,"column":24}},"loc":{"start":{"line":45,"column":38},"end":{"line":54,"column":1}},"line":45},"6":{"name":"(anonymous_6)","decl":{"start":{"line":60,"column":25},"end":{"line":60,"column":26}},"loc":{"start":{"line":60,"column":40},"end":{"line":70,"column":1}},"line":60},"7":{"name":"(anonymous_7)","decl":{"start":{"line":61,"column":39},"end":{"line":61,"column":40}},"loc":{"start":{"line":61,"column":58},"end":{"line":69,"column":5}},"line":61},"8":{"name":"(anonymous_8)","decl":{"start":{"line":66,"column":19},"end":{"line":66,"column":20}},"loc":{"start":{"line":66,"column":25},"end":{"line":68,"column":9}},"line":66}},"branchMap":{"0":{"loc":{"start":{"line":26,"column":38},"end":{"line":26,"column":47}},"type":"default-arg","locations":[{"start":{"line":26,"column":45},"end":{"line":26,"column":47}}],"line":26},"1":{"loc":{"start":{"line":36,"column":36},"end":{"line":36,"column":45}},"type":"default-arg","locations":[{"start":{"line":36,"column":43},"end":{"line":36,"column":45}}],"line":36},"2":{"loc":{"start":{"line":50,"column":23},"end":{"line":50,"column":54}},"type":"cond-expr","locations":[{"start":{"line":50,"column":38},"end":{"line":50,"column":49}},{"start":{"line":50,"column":52},"end":{"line":50,"column":54}}],"line":50},"3":{"loc":{"start":{"line":62,"column":8},"end":{"line":65,"column":9}},"type":"if","locations":[{"start":{"line":62,"column":8},"end":{"line":65,"column":9}},{"start":{},"end":{}}],"line":62}},"s":{"0":2,"1":3,"2":3,"3":3,"4":3,"5":3,"6":3,"7":3,"8":3,"9":3,"10":2,"11":2,"12":2,"13":2,"14":2,"15":2,"16":2,"17":2,"18":2,"19":2,"20":2,"21":8,"22":8,"23":8,"24":2,"25":2,"26":0,"27":0,"28":0,"29":0,"30":0,"31":0},"f":{"0":3,"1":2,"2":2,"3":2,"4":2,"5":2,"6":0,"7":0,"8":0},"b":{"0":[0],"1":[0],"2":[8,0],"3":[0,0]},"_coverageSchema":"1a1c01bbd47fc00a2c39e90264f33305004495a9","hash":"3a8a1f85defa620316864f810e82dc2cfbab87fb"}
}
